2015-12-17 23:06:25,330 - [INFO] - from play in pool-4-thread-3 
Listening for HTTP on /0:0:0:0:0:0:0:0:9000

2015-12-17 23:07:33,771 - [INFO] - from play in play-internal-execution-context-1 
datasource [jdbc:h2:file:data/db;DB_CLOSE_DELAY=-1] bound to JNDI as DefaultDS

2015-12-17 23:07:34,133 - [INFO] - from play in play-internal-execution-context-1 
database [default] connected at jdbc:h2:file:data/db

2015-12-17 23:07:37,179 - [INFO] - from play in play-internal-execution-context-1 
Application started (Dev)

2015-12-17 23:11:45,028 - [INFO] - from application in play-akka.actor.default-dispatcher-9 
http://localhost:9034/climateService/getAllClimateServices/json

2015-12-17 23:14:09,026 - [INFO] - from application in play-akka.actor.default-dispatcher-9 
http://localhost:9034/climateService/getAllClimateServices/json

2015-12-17 23:25:43,685 - [INFO] - from application in play-akka.actor.default-dispatcher-22 
http://localhost:9034/workflow/getTop10WorkflowByViewCount/json

2015-12-17 23:25:46,432 - [INFO] - from application in play-akka.actor.default-dispatcher-24 
http://localhost:9034/workflow/getAllWorkflows/json

2015-12-17 23:25:48,578 - [INFO] - from application in play-akka.actor.default-dispatcher-26 
http://localhost:9034/workflow/getWorkflow/id/1

2015-12-17 23:25:48,823 - [ERROR] - from play in play-internal-execution-context-1 
Cannot invoke the action, eventually got an error: java.lang.NullPointerException

2015-12-17 23:25:48,855 - [ERROR] - from application in play-internal-execution-context-1 


! @6of2opg55 - Internal server error, for (GET) [/workflow/disWorkflow?id=1] ->

play.api.Application$$anon$1: Execution exception[[NullPointerException: null]]
	at play.api.Application$class.handleError(Application.scala:293) ~[play_2.10-2.2.3.jar:2.2.3]
	at play.api.DefaultApplication.handleError(Application.scala:399) [play_2.10-2.2.3.jar:2.2.3]
	at play.core.server.netty.PlayDefaultUpstreamHandler$$anonfun$3$$anonfun$applyOrElse$3.apply(PlayDefaultUpstreamHandler.scala:264) [play_2.10-2.2.3.jar:2.2.3]
	at play.core.server.netty.PlayDefaultUpstreamHandler$$anonfun$3$$anonfun$applyOrElse$3.apply(PlayDefaultUpstreamHandler.scala:264) [play_2.10-2.2.3.jar:2.2.3]
	at scala.Option.map(Option.scala:145) [scala-library-2.10.3.jar:na]
	at play.core.server.netty.PlayDefaultUpstreamHandler$$anonfun$3.applyOrElse(PlayDefaultUpstreamHandler.scala:264) [play_2.10-2.2.3.jar:2.2.3]
	at play.core.server.netty.PlayDefaultUpstreamHandler$$anonfun$3.applyOrElse(PlayDefaultUpstreamHandler.scala:260) [play_2.10-2.2.3.jar:2.2.3]
	at scala.concurrent.Future$$anonfun$recoverWith$1.apply(Future.scala:344) [scala-library-2.10.3.jar:na]
	at scala.concurrent.Future$$anonfun$recoverWith$1.apply(Future.scala:343) [scala-library-2.10.3.jar:na]
	at scala.concurrent.impl.CallbackRunnable.run(Promise.scala:32) [scala-library-2.10.3.jar:na]
	at play.api.libs.iteratee.Execution$$anon$1.execute(Execution.scala:43) [play-iteratees_2.10-2.2.3.jar:2.2.3]
	at scala.concurrent.impl.CallbackRunnable.executeWithValue(Promise.scala:40) [scala-library-2.10.3.jar:na]
	at scala.concurrent.impl.Promise$DefaultPromise.tryComplete(Promise.scala:248) [scala-library-2.10.3.jar:na]
	at scala.concurrent.Promise$class.complete(Promise.scala:55) [scala-library-2.10.3.jar:na]
	at scala.concurrent.impl.Promise$DefaultPromise.complete(Promise.scala:153) [scala-library-2.10.3.jar:na]
	at scala.concurrent.Future$$anonfun$map$1.apply(Future.scala:235) [scala-library-2.10.3.jar:na]
	at scala.concurrent.Future$$anonfun$map$1.apply(Future.scala:235) [scala-library-2.10.3.jar:na]
	at scala.concurrent.impl.CallbackRunnable.run(Promise.scala:32) [scala-library-2.10.3.jar:na]
	at scala.concurrent.forkjoin.ForkJoinTask$AdaptedRunnableAction.exec(ForkJoinTask.java:1361) [scala-library-2.10.3.jar:na]
	at scala.concurrent.forkjoin.ForkJoinTask.doExec(ForkJoinTask.java:260) [scala-library-2.10.3.jar:na]
	at scala.concurrent.forkjoin.ForkJoinPool$WorkQueue.runTask(ForkJoinPool.java:1339) [scala-library-2.10.3.jar:na]
	at scala.concurrent.forkjoin.ForkJoinPool.runWorker(ForkJoinPool.java:1979) [scala-library-2.10.3.jar:na]
	at scala.concurrent.forkjoin.ForkJoinWorkerThread.run(ForkJoinWorkerThread.java:107) [scala-library-2.10.3.jar:na]
Caused by: java.lang.NullPointerException: null
	at models.metadata.Workflow.getWorkflow(Workflow.java:361) ~[na:na]
	at controllers.WorkflowController.displayWorkflow(WorkflowController.java:167) ~[na:na]
	at Routes$$anonfun$routes$1$$anonfun$applyOrElse$26$$anonfun$apply$26.apply(routes_routing.scala:461) ~[na:na]
	at Routes$$anonfun$routes$1$$anonfun$applyOrElse$26$$anonfun$apply$26.apply(routes_routing.scala:461) ~[na:na]
	at play.core.Router$HandlerInvoker$$anon$7$$anon$2.invocation(Router.scala:183) ~[play_2.10-2.2.3.jar:2.2.3]
	at play.core.Router$Routes$$anon$1.invocation(Router.scala:377) ~[play_2.10-2.2.3.jar:2.2.3]
	at play.core.j.JavaAction$$anon$1.call(JavaAction.scala:56) ~[play_2.10-2.2.3.jar:2.2.3]
	at play.core.j.JavaAction$$anon$3.apply(JavaAction.scala:91) ~[play_2.10-2.2.3.jar:2.2.3]
	at play.core.j.JavaAction$$anon$3.apply(JavaAction.scala:90) ~[play_2.10-2.2.3.jar:2.2.3]
	at play.core.j.FPromiseHelper$$anonfun$flatMap$1.apply(FPromiseHelper.scala:82) ~[play_2.10-2.2.3.jar:2.2.3]
	at play.core.j.FPromiseHelper$$anonfun$flatMap$1.apply(FPromiseHelper.scala:82) ~[play_2.10-2.2.3.jar:2.2.3]
	at scala.concurrent.Future$$anonfun$flatMap$1.apply(Future.scala:251) ~[scala-library-2.10.3.jar:na]
	at scala.concurrent.Future$$anonfun$flatMap$1.apply(Future.scala:249) ~[scala-library-2.10.3.jar:na]
	at scala.concurrent.impl.CallbackRunnable.run(Promise.scala:32) [scala-library-2.10.3.jar:na]
	at play.core.j.HttpExecutionContext$$anon$2.run(HttpExecutionContext.scala:37) ~[play_2.10-2.2.3.jar:2.2.3]
	at akka.dispatch.TaskInvocation.run(AbstractDispatcher.scala:42) ~[akka-actor_2.10-2.2.0.jar:2.2.0]
	at akka.dispatch.ForkJoinExecutorConfigurator$AkkaForkJoinTask.exec(AbstractDispatcher.scala:386) ~[akka-actor_2.10-2.2.0.jar:2.2.0]
	... 4 common frames omitted

2015-12-17 23:26:15,315 - [INFO] - from application in play-akka.actor.default-dispatcher-22 
http://localhost:9034/workflow/getAllWorkflows/json

2015-12-17 23:26:16,746 - [INFO] - from application in play-akka.actor.default-dispatcher-25 
http://localhost:9034/workflow/getWorkflow/id/1

2015-12-17 23:26:16,813 - [INFO] - from application in play-akka.actor.default-dispatcher-25 
http://localhost:9034/workflow/updateViewCount/1

2015-12-17 23:27:51,679 - [INFO] - from application in play-akka.actor.default-dispatcher-42 
http://localhost:9034/users/getAllUsers/json

2015-12-17 23:28:23,032 - [INFO] - from application in play-akka.actor.default-dispatcher-37 
http://localhost:9034/workflow/getAllWorkflows/json

2015-12-17 23:28:24,728 - [INFO] - from application in play-akka.actor.default-dispatcher-44 
http://localhost:9034/workflow/getWorkflow/id/1

2015-12-17 23:28:24,931 - [INFO] - from application in play-akka.actor.default-dispatcher-44 
http://localhost:9034/workflow/updateViewCount/1

2015-12-17 23:32:51,708 - [INFO] - from application in play-akka.actor.default-dispatcher-61 
http://localhost:9034/users/getAllUsers/json

2015-12-17 23:33:13,036 - [INFO] - from application in play-akka.actor.default-dispatcher-66 
http://localhost:9034/workflow/getAllWorkflows/json

2015-12-17 23:33:49,504 - [INFO] - from application in play-akka.actor.default-dispatcher-62 
http://localhost:9034/workflow/getWorkflow/id/2

2015-12-17 23:33:49,562 - [INFO] - from application in play-akka.actor.default-dispatcher-62 
http://localhost:9034/workflow/updateViewCount/2

